[2025-09-08T17:53:08.261+0000] {manager.py:470} INFO - Processing files using up to 2 processes at a time 
[2025-09-08T17:53:08.267+0000] {manager.py:471} INFO - Process each file at most once every 30 seconds
[2025-09-08T17:53:08.269+0000] {manager.py:472} INFO - Checking for new files in /opt/airflow/dags every 300 seconds
[2025-09-08T17:53:08.272+0000] {manager.py:737} INFO - Searching for files in /opt/airflow/dags
[2025-09-08T17:53:08.282+0000] {manager.py:740} INFO - There are 0 files in /opt/airflow/dags
[2025-09-08T17:58:09.055+0000] {manager.py:737} INFO - Searching for files in /opt/airflow/dags
[2025-09-08T17:58:09.071+0000] {manager.py:740} INFO - There are 0 files in /opt/airflow/dags
[2025-09-08T18:03:09.719+0000] {manager.py:737} INFO - Searching for files in /opt/airflow/dags
[2025-09-08T18:03:09.738+0000] {manager.py:740} INFO - There are 0 files in /opt/airflow/dags
[2025-09-08T18:08:10.354+0000] {manager.py:737} INFO - Searching for files in /opt/airflow/dags
[2025-09-08T18:08:10.373+0000] {manager.py:740} INFO - There are 0 files in /opt/airflow/dags
[2025-09-08T18:13:10.969+0000] {manager.py:737} INFO - Searching for files in /opt/airflow/dags
[2025-09-08T18:13:10.984+0000] {manager.py:740} INFO - There are 0 files in /opt/airflow/dags
[2025-09-08T18:18:11.556+0000] {manager.py:737} INFO - Searching for files in /opt/airflow/dags
[2025-09-08T18:18:11.562+0000] {manager.py:740} INFO - There are 0 files in /opt/airflow/dags
[2025-09-08T23:39:18.596+0000] {manager.py:737} INFO - Searching for files in /opt/airflow/dags
[2025-09-08T23:39:18.671+0000] {manager.py:740} INFO - There are 0 files in /opt/airflow/dags
[2025-09-09T03:40:29.046+0000] {manager.py:737} INFO - Searching for files in /opt/airflow/dags
[2025-09-09T03:40:29.097+0000] {manager.py:740} INFO - There are 0 files in /opt/airflow/dags
[2025-09-09T03:45:29.276+0000] {manager.py:737} INFO - Searching for files in /opt/airflow/dags
[2025-09-09T03:45:29.390+0000] {manager.py:740} INFO - There are 0 files in /opt/airflow/dags
[2025-09-09T03:54:29.887+0000] {manager.py:737} INFO - Searching for files in /opt/airflow/dags
[2025-09-09T03:54:29.898+0000] {manager.py:740} INFO - There are 0 files in /opt/airflow/dags
[2025-09-09T03:59:30.641+0000] {manager.py:737} INFO - Searching for files in /opt/airflow/dags
[2025-09-09T03:59:30.661+0000] {manager.py:740} INFO - There are 0 files in /opt/airflow/dags
[2025-09-09T04:04:31.631+0000] {manager.py:737} INFO - Searching for files in /opt/airflow/dags
[2025-09-09T04:04:31.647+0000] {manager.py:740} INFO - There are 0 files in /opt/airflow/dags
[2025-09-09T04:09:31.709+0000] {manager.py:737} INFO - Searching for files in /opt/airflow/dags
[2025-09-09T04:09:31.722+0000] {manager.py:740} INFO - There are 0 files in /opt/airflow/dags
[2025-09-09T05:10:37.984+0000] {manager.py:737} INFO - Searching for files in /opt/airflow/dags
[2025-09-09T05:10:38.049+0000] {manager.py:740} INFO - There are 0 files in /opt/airflow/dags
[2025-09-09T05:15:38.641+0000] {manager.py:737} INFO - Searching for files in /opt/airflow/dags
[2025-09-09T05:15:38.654+0000] {manager.py:740} INFO - There are 0 files in /opt/airflow/dags
[2025-09-09T05:20:39.207+0000] {manager.py:737} INFO - Searching for files in /opt/airflow/dags
[2025-09-09T05:20:39.221+0000] {manager.py:740} INFO - There are 0 files in /opt/airflow/dags
[2025-09-09T05:25:39.811+0000] {manager.py:737} INFO - Searching for files in /opt/airflow/dags
[2025-09-09T05:25:39.824+0000] {manager.py:740} INFO - There are 0 files in /opt/airflow/dags
[2025-09-09T05:30:40.451+0000] {manager.py:737} INFO - Searching for files in /opt/airflow/dags
[2025-09-09T05:30:40.470+0000] {manager.py:740} INFO - There are 0 files in /opt/airflow/dags
[2025-09-09T05:35:41.061+0000] {manager.py:737} INFO - Searching for files in /opt/airflow/dags
[2025-09-09T05:35:41.080+0000] {manager.py:740} INFO - There are 0 files in /opt/airflow/dags
[2025-09-09T05:40:41.716+0000] {manager.py:737} INFO - Searching for files in /opt/airflow/dags
[2025-09-09T05:40:41.728+0000] {manager.py:740} INFO - There are 0 files in /opt/airflow/dags
[2025-09-09T05:45:42.354+0000] {manager.py:737} INFO - Searching for files in /opt/airflow/dags
[2025-09-09T05:45:42.371+0000] {manager.py:740} INFO - There are 0 files in /opt/airflow/dags
[2025-09-09T05:50:42.935+0000] {manager.py:737} INFO - Searching for files in /opt/airflow/dags
[2025-09-09T05:50:42.950+0000] {manager.py:740} INFO - There are 0 files in /opt/airflow/dags
[2025-09-09T05:55:43.616+0000] {manager.py:737} INFO - Searching for files in /opt/airflow/dags
[2025-09-09T05:55:43.630+0000] {manager.py:740} INFO - There are 0 files in /opt/airflow/dags
[2025-09-09T06:00:44.225+0000] {manager.py:737} INFO - Searching for files in /opt/airflow/dags
[2025-09-09T06:00:44.248+0000] {manager.py:740} INFO - There are 0 files in /opt/airflow/dags
[2025-09-09T06:05:44.803+0000] {manager.py:737} INFO - Searching for files in /opt/airflow/dags
[2025-09-09T06:05:44.820+0000] {manager.py:740} INFO - There are 0 files in /opt/airflow/dags
[2025-09-09T06:10:45.410+0000] {manager.py:737} INFO - Searching for files in /opt/airflow/dags
[2025-09-09T06:10:45.425+0000] {manager.py:740} INFO - There are 0 files in /opt/airflow/dags
[2025-09-09T06:15:46.169+0000] {manager.py:737} INFO - Searching for files in /opt/airflow/dags
[2025-09-09T06:15:46.180+0000] {manager.py:740} INFO - There are 0 files in /opt/airflow/dags
[2025-09-09T06:20:46.741+0000] {manager.py:737} INFO - Searching for files in /opt/airflow/dags
[2025-09-09T06:20:46.754+0000] {manager.py:740} INFO - There are 0 files in /opt/airflow/dags
[2025-09-09T06:25:47.329+0000] {manager.py:737} INFO - Searching for files in /opt/airflow/dags
[2025-09-09T06:25:47.338+0000] {manager.py:740} INFO - There are 0 files in /opt/airflow/dags
[2025-09-09T06:30:47.857+0000] {manager.py:737} INFO - Searching for files in /opt/airflow/dags
[2025-09-09T06:30:47.872+0000] {manager.py:740} INFO - There are 0 files in /opt/airflow/dags
[2025-09-09T06:35:48.556+0000] {manager.py:737} INFO - Searching for files in /opt/airflow/dags
[2025-09-09T06:35:48.565+0000] {manager.py:740} INFO - There are 0 files in /opt/airflow/dags
[2025-09-09T06:40:49.113+0000] {manager.py:737} INFO - Searching for files in /opt/airflow/dags
[2025-09-09T06:40:49.123+0000] {manager.py:740} INFO - There are 0 files in /opt/airflow/dags
[2025-09-09T06:45:49.904+0000] {manager.py:737} INFO - Searching for files in /opt/airflow/dags
[2025-09-09T06:45:49.913+0000] {manager.py:740} INFO - There are 0 files in /opt/airflow/dags
[2025-09-09T06:50:50.694+0000] {manager.py:737} INFO - Searching for files in /opt/airflow/dags
[2025-09-09T06:50:50.705+0000] {manager.py:740} INFO - There are 0 files in /opt/airflow/dags
[2025-09-09T06:55:51.331+0000] {manager.py:737} INFO - Searching for files in /opt/airflow/dags
[2025-09-09T06:55:51.343+0000] {manager.py:740} INFO - There are 0 files in /opt/airflow/dags
[2025-09-09T07:00:51.959+0000] {manager.py:737} INFO - Searching for files in /opt/airflow/dags
[2025-09-09T07:00:51.980+0000] {manager.py:740} INFO - There are 0 files in /opt/airflow/dags
[2025-09-09T07:05:52.746+0000] {manager.py:737} INFO - Searching for files in /opt/airflow/dags
[2025-09-09T07:05:52.769+0000] {manager.py:740} INFO - There are 0 files in /opt/airflow/dags
[2025-09-09T07:10:53.545+0000] {manager.py:737} INFO - Searching for files in /opt/airflow/dags
[2025-09-09T07:10:53.558+0000] {manager.py:740} INFO - There are 0 files in /opt/airflow/dags
[2025-09-09T07:15:54.283+0000] {manager.py:737} INFO - Searching for files in /opt/airflow/dags
[2025-09-09T07:15:54.303+0000] {manager.py:740} INFO - There are 0 files in /opt/airflow/dags
[2025-09-09T07:20:54.984+0000] {manager.py:737} INFO - Searching for files in /opt/airflow/dags
[2025-09-09T07:20:55.005+0000] {manager.py:740} INFO - There are 0 files in /opt/airflow/dags
[2025-09-09T07:25:55.844+0000] {manager.py:737} INFO - Searching for files in /opt/airflow/dags
[2025-09-09T07:25:55.865+0000] {manager.py:740} INFO - There are 0 files in /opt/airflow/dags
[2025-09-09T07:30:56.696+0000] {manager.py:737} INFO - Searching for files in /opt/airflow/dags
[2025-09-09T07:30:56.715+0000] {manager.py:740} INFO - There are 0 files in /opt/airflow/dags
[2025-09-09T07:35:57.453+0000] {manager.py:737} INFO - Searching for files in /opt/airflow/dags
[2025-09-09T07:35:57.472+0000] {manager.py:740} INFO - There are 0 files in /opt/airflow/dags
[2025-09-09T07:40:58.257+0000] {manager.py:737} INFO - Searching for files in /opt/airflow/dags
[2025-09-09T07:40:58.271+0000] {manager.py:740} INFO - There are 0 files in /opt/airflow/dags
[2025-09-09T07:45:59.010+0000] {manager.py:737} INFO - Searching for files in /opt/airflow/dags
[2025-09-09T07:45:59.025+0000] {manager.py:740} INFO - There are 0 files in /opt/airflow/dags
[2025-09-09T07:50:59.857+0000] {manager.py:737} INFO - Searching for files in /opt/airflow/dags
[2025-09-09T07:50:59.875+0000] {manager.py:740} INFO - There are 0 files in /opt/airflow/dags
[2025-09-09T07:56:00.594+0000] {manager.py:737} INFO - Searching for files in /opt/airflow/dags
[2025-09-09T07:56:00.618+0000] {manager.py:740} INFO - There are 0 files in /opt/airflow/dags
[2025-09-09T08:01:01.365+0000] {manager.py:737} INFO - Searching for files in /opt/airflow/dags
[2025-09-09T08:01:01.384+0000] {manager.py:740} INFO - There are 0 files in /opt/airflow/dags
[2025-09-09T08:06:02.099+0000] {manager.py:737} INFO - Searching for files in /opt/airflow/dags
[2025-09-09T08:06:02.113+0000] {manager.py:740} INFO - There are 0 files in /opt/airflow/dags
[2025-09-09T08:11:02.914+0000] {manager.py:737} INFO - Searching for files in /opt/airflow/dags
[2025-09-09T08:11:02.930+0000] {manager.py:740} INFO - There are 0 files in /opt/airflow/dags
[2025-09-09T08:16:03.614+0000] {manager.py:737} INFO - Searching for files in /opt/airflow/dags
[2025-09-09T08:16:03.631+0000] {manager.py:740} INFO - There are 0 files in /opt/airflow/dags
[2025-09-09T08:21:04.352+0000] {manager.py:737} INFO - Searching for files in /opt/airflow/dags
[2025-09-09T08:21:04.366+0000] {manager.py:740} INFO - There are 0 files in /opt/airflow/dags
[2025-09-09T08:26:04.847+0000] {manager.py:737} INFO - Searching for files in /opt/airflow/dags
[2025-09-09T08:26:04.857+0000] {manager.py:740} INFO - There are 0 files in /opt/airflow/dags
[2025-09-09T08:31:05.460+0000] {manager.py:737} INFO - Searching for files in /opt/airflow/dags
[2025-09-09T08:31:05.475+0000] {manager.py:740} INFO - There are 0 files in /opt/airflow/dags
